<?xml version="1.0" encoding="UTF-8"?>
<!-- Generated by org.testng.reporters.JUnitReportReporter -->
<testsuite skipped="0" hostname="USLT20160" name="com.ert.wearables.test.tests.mobilityexchange.admin.TestStudy" tests="1" failures="0" timestamp="2021-10-21T18:24:02 EDT" time="18.624" errors="0">
  <testcase name="testCreateNewTestObjectNotSet" time="18.624" classname="com.ert.wearables.test.tests.mobilityexchange.admin.TestStudy"/>
  <system-out/>
</testsuite> <!-- com.ert.wearables.test.tests.mobilityexchange.admin.TestStudy -->
