<?xml version="1.0" encoding="UTF-8"?>
<!-- Generated by org.testng.reporters.JUnitReportReporter -->
<testsuite skipped="0" hostname="USLT20160" name="com.ert.wearables.test.tests.mobilityexchange.admin.TestGroup" tests="1" failures="0" timestamp="2021-10-22T04:33:07 EDT" time="17.005" errors="0">
  <testcase name="testGroupTableLastModifiedSort" time="17.005" classname="com.ert.wearables.test.tests.mobilityexchange.admin.TestGroup"/>
  <system-out/>
</testsuite> <!-- com.ert.wearables.test.tests.mobilityexchange.admin.TestGroup -->
