<?xml version="1.0" encoding="UTF-8"?>
<!-- Generated by org.testng.reporters.JUnitReportReporter -->
<testsuite skipped="0" hostname="USLT20160" name="com.ert.wearables.test.tests.mobilityexchange.admin.TestSite" tests="1" failures="0" timestamp="2021-10-05T03:20:03 EDT" time="13.104" errors="0">
  <testcase name="testSiteTableSiteNameLink" time="13.104" classname="com.ert.wearables.test.tests.mobilityexchange.admin.TestSite"/>
  <system-out/>
</testsuite> <!-- com.ert.wearables.test.tests.mobilityexchange.admin.TestSite -->
