<?xml version="1.0" encoding="UTF-8"?>
<!-- Generated by org.testng.reporters.JUnitReportReporter -->
<testsuite hostname="USLT20160" failures="0" tests="1" name="com.ert.wearables.test.core.utilities.CsvUtil" time="0.108" errors="0" timestamp="2021-08-25T20:18:15 EDT" skipped="0">
  <testcase classname="com.ert.wearables.test.core.utilities.CsvUtil" name="readCSV" time="0.108"/>
  <system-out/>
</testsuite> <!-- com.ert.wearables.test.core.utilities.CsvUtil -->
