<?xml version="1.0" encoding="UTF-8"?>
<!-- Generated by org.testng.reporters.JUnitReportReporter -->
<testsuite skipped="0" hostname="USLT20160" name="com.ert.wearables.test.tests.mobilityexchange.admin.TestStudy" tests="1" failures="0" timestamp="2021-10-04T23:28:19 EDT" time="13.654" errors="0">
  <testcase name="testFullCompactViewsOnStudy" time="13.654" classname="com.ert.wearables.test.tests.mobilityexchange.admin.TestStudy"/>
  <system-out/>
</testsuite> <!-- com.ert.wearables.test.tests.mobilityexchange.admin.TestStudy -->
