<?xml version="1.0" encoding="UTF-8"?>
<!-- Generated by org.testng.reporters.JUnitReportReporter -->
<testsuite skipped="0" hostname="USLT20160" name="com.ert.wearables.test.tests.mobilityexchange.admin.TestAdminLogin" tests="1" failures="0" timestamp="2021-10-04T23:44:13 EDT" time="10.216" errors="0">
  <testcase name="testLoginPage" time="10.216" classname="com.ert.wearables.test.tests.mobilityexchange.admin.TestAdminLogin"/>
  <system-out/>
</testsuite> <!-- com.ert.wearables.test.tests.mobilityexchange.admin.TestAdminLogin -->
