<?xml version="1.0" encoding="UTF-8"?>
<!-- Generated by org.testng.reporters.JUnitReportReporter -->
<testsuite skipped="0" hostname="USLT20160" name="com.ert.wearables.test.tests.mobilityexchange.admin.TestAdminLogin" tests="1" failures="0" timestamp="2021-10-08T12:48:05 EDT" time="4.186" errors="0">
  <testcase name="testGetTitle" time="4.186" classname="com.ert.wearables.test.tests.mobilityexchange.admin.TestAdminLogin"/>
  <system-out/>
</testsuite> <!-- com.ert.wearables.test.tests.mobilityexchange.admin.TestAdminLogin -->
