<?xml version="1.0" encoding="UTF-8"?>
<!-- Generated by org.testng.reporters.JUnitReportReporter -->
<testsuite skipped="0" hostname="USLT20160" name="com.ert.wearables.test.tests.mobilityexchange.admin.TestSubject" tests="1" failures="0" timestamp="2021-10-08T08:07:17 EDT" time="17.393" errors="0">
  <testcase name="testSubjectTableLastModifiedSort" time="17.393" classname="com.ert.wearables.test.tests.mobilityexchange.admin.TestSubject"/>
  <system-out/>
</testsuite> <!-- com.ert.wearables.test.tests.mobilityexchange.admin.TestSubject -->
