<?xml version="1.0" encoding="UTF-8"?>
<!-- Generated by org.testng.reporters.JUnitReportReporter -->
<testsuite skipped="0" hostname="USLT20160" name="com.ert.wearables.test.tests.mobilityexchange.admin.TestUser" tests="1" failures="0" timestamp="2021-10-22T03:37:01 EDT" time="18.152" errors="0">
  <testcase name="testUserEditButtonViaUserNameAndEmailLink" time="18.152" classname="com.ert.wearables.test.tests.mobilityexchange.admin.TestUser"/>
  <system-out/>
</testsuite> <!-- com.ert.wearables.test.tests.mobilityexchange.admin.TestUser -->
