<?xml version="1.0" encoding="UTF-8"?>
<!-- Generated by org.testng.reporters.JUnitReportReporter -->
<testsuite skipped="0" hostname="USLT20160" name="com.ert.wearables.test.tests.mobilityexchange.admin.TestSite" tests="1" failures="0" timestamp="2021-10-08T05:12:34 EDT" time="24.343" errors="0">
  <testcase name="testSiteEditButtonViaNameLink" time="24.343" classname="com.ert.wearables.test.tests.mobilityexchange.admin.TestSite"/>
  <system-out/>
</testsuite> <!-- com.ert.wearables.test.tests.mobilityexchange.admin.TestSite -->
