<?xml version="1.0" encoding="UTF-8"?>
<!-- Generated by org.testng.reporters.JUnitReportReporter -->
<testsuite skipped="0" hostname="USLT20160" name="com.ert.wearables.test.tests.mobilityexchange.admin.TestAppLogin" tests="5" failures="0" timestamp="2021-09-20T22:07:41 EDT" time="11.285" errors="0">
  <testcase name="testLoginInvalidCreds" time="3.348" classname="com.ert.wearables.test.tests.mobilityexchange.admin.TestAppLogin"/>
  <system-out/>
  <testcase name="testLoginInvalidCreds" time="2.024" classname="com.ert.wearables.test.tests.mobilityexchange.admin.TestAppLogin"/>
  <system-out/>
  <testcase name="testLoginInvalidCreds" time="1.962" classname="com.ert.wearables.test.tests.mobilityexchange.admin.TestAppLogin"/>
  <system-out/>
  <testcase name="testLoginInvalidCreds" time="2.021" classname="com.ert.wearables.test.tests.mobilityexchange.admin.TestAppLogin"/>
  <system-out/>
  <testcase name="testLoginInvalidCreds" time="1.930" classname="com.ert.wearables.test.tests.mobilityexchange.admin.TestAppLogin"/>
  <system-out/>
</testsuite> <!-- com.ert.wearables.test.tests.mobilityexchange.admin.TestAppLogin -->
