<?xml version="1.0" encoding="UTF-8"?>
<!-- Generated by org.testng.reporters.JUnitReportReporter -->
<testsuite skipped="0" hostname="USLT20160" name="com.ert.wearables.test.tests.mobilityexchange.admin.TestSite" tests="1" failures="0" timestamp="07 Oct 2021 17:50:25 GMT" time="12.474" errors="0">
  <testcase name="testFullCompactViewsOnSite" time="12.474" classname="com.ert.wearables.test.tests.mobilityexchange.admin.TestSite"/>
</testsuite> <!-- com.ert.wearables.test.tests.mobilityexchange.admin.TestSite -->
