<?xml version="1.0" encoding="UTF-8"?>
<!-- Generated by org.testng.reporters.JUnitReportReporter -->
<testsuite skipped="0" hostname="USLT20160" name="com.ert.wearables.test.tests.mobilityexchange.admin.TestAdminLogin" tests="1" failures="0" timestamp="24 Sep 2021 15:46:09 GMT" time="10.507" errors="0">
  <testcase name="testGetTitle" time="10.507" classname="com.ert.wearables.test.tests.mobilityexchange.admin.TestAdminLogin"/>
</testsuite> <!-- com.ert.wearables.test.tests.mobilityexchange.admin.TestAdminLogin -->
